Analysis & Synthesis report for lauf
Thu Jan 12 20:36:06 2017
Quartus II 64-Bit Version 13.0.1 Build 232 06/12/2013 Service Pack 1 SJ Web Edition


---------------------
; Table of Contents ;
---------------------
  1. Legal Notice
  2. Analysis & Synthesis Summary
  3. Analysis & Synthesis Settings
  4. Parallel Compilation
  5. Analysis & Synthesis Source Files Read
  6. Analysis & Synthesis Resource Usage Summary
  7. Analysis & Synthesis Resource Utilization by Entity
  8. State Machine - |lauf|m
  9. General Register Statistics
 10. Multiplexer Restructuring Statistics (Restructuring Performed)
 11. Parameter Settings for User Entity Instance: lpm_counter:warten_counter
 12. Parameter Settings for User Entity Instance: teiler:taktgeber|lpm_counter:counter6
 13. Parameter Settings for User Entity Instance: teiler:taktgeber|lpm_counter:counter12
 14. Elapsed Time Per Partition
 15. Analysis & Synthesis Messages



----------------
; Legal Notice ;
----------------
Copyright (C) 1991-2013 Altera Corporation
Your use of Altera Corporation's design tools, logic functions 
and other software and tools, and its AMPP partner logic 
functions, and any output files from any of the foregoing 
(including device programming or simulation files), and any 
associated documentation or information are expressly subject 
to the terms and conditions of the Altera Program License 
Subscription Agreement, Altera MegaCore Function License 
Agreement, or other applicable license agreement, including, 
without limitation, that your use is for the sole purpose of 
programming logic devices manufactured by Altera and sold by 
Altera or its authorized distributors.  Please refer to the 
applicable agreement for further details.



+--------------------------------------------------------------------------------------+
; Analysis & Synthesis Summary                                                         ;
+------------------------------------+-------------------------------------------------+
; Analysis & Synthesis Status        ; Successful - Thu Jan 12 20:36:06 2017           ;
; Quartus II 64-Bit Version          ; 13.0.1 Build 232 06/12/2013 SP 1 SJ Web Edition ;
; Revision Name                      ; lauf                                            ;
; Top-level Entity Name              ; lauf                                            ;
; Family                             ; Cyclone II                                      ;
; Total logic elements               ; 87                                              ;
;     Total combinational functions  ; 86                                              ;
;     Dedicated logic registers      ; 45                                              ;
; Total registers                    ; 45                                              ;
; Total pins                         ; 30                                              ;
; Total virtual pins                 ; 0                                               ;
; Total memory bits                  ; 0                                               ;
; Embedded Multiplier 9-bit elements ; 0                                               ;
; Total PLLs                         ; 0                                               ;
+------------------------------------+-------------------------------------------------+


+----------------------------------------------------------------------------------------------------------------------+
; Analysis & Synthesis Settings                                                                                        ;
+----------------------------------------------------------------------------+--------------------+--------------------+
; Option                                                                     ; Setting            ; Default Value      ;
+----------------------------------------------------------------------------+--------------------+--------------------+
; Device                                                                     ; EP2C20F484C7       ;                    ;
; Top-level entity name                                                      ; lauf               ; lauf               ;
; Family name                                                                ; Cyclone II         ; Cyclone IV GX      ;
; Use smart compilation                                                      ; Off                ; Off                ;
; Enable parallel Assembler and TimeQuest Timing Analyzer during compilation ; On                 ; On                 ;
; Enable compact report table                                                ; Off                ; Off                ;
; Restructure Multiplexers                                                   ; Auto               ; Auto               ;
; Create Debugging Nodes for IP Cores                                        ; Off                ; Off                ;
; Preserve fewer node names                                                  ; On                 ; On                 ;
; Disable OpenCore Plus hardware evaluation                                  ; Off                ; Off                ;
; Verilog Version                                                            ; Verilog_2001       ; Verilog_2001       ;
; VHDL Version                                                               ; VHDL_1993          ; VHDL_1993          ;
; State Machine Processing                                                   ; Auto               ; Auto               ;
; Safe State Machine                                                         ; Off                ; Off                ;
; Extract Verilog State Machines                                             ; On                 ; On                 ;
; Extract VHDL State Machines                                                ; On                 ; On                 ;
; Ignore Verilog initial constructs                                          ; Off                ; Off                ;
; Iteration limit for constant Verilog loops                                 ; 5000               ; 5000               ;
; Iteration limit for non-constant Verilog loops                             ; 250                ; 250                ;
; Add Pass-Through Logic to Inferred RAMs                                    ; On                 ; On                 ;
; Infer RAMs from Raw Logic                                                  ; On                 ; On                 ;
; Parallel Synthesis                                                         ; On                 ; On                 ;
; DSP Block Balancing                                                        ; Auto               ; Auto               ;
; NOT Gate Push-Back                                                         ; On                 ; On                 ;
; Power-Up Don't Care                                                        ; On                 ; On                 ;
; Remove Redundant Logic Cells                                               ; Off                ; Off                ;
; Remove Duplicate Registers                                                 ; On                 ; On                 ;
; Ignore CARRY Buffers                                                       ; Off                ; Off                ;
; Ignore CASCADE Buffers                                                     ; Off                ; Off                ;
; Ignore GLOBAL Buffers                                                      ; Off                ; Off                ;
; Ignore ROW GLOBAL Buffers                                                  ; Off                ; Off                ;
; Ignore LCELL Buffers                                                       ; Off                ; Off                ;
; Ignore SOFT Buffers                                                        ; On                 ; On                 ;
; Limit AHDL Integers to 32 Bits                                             ; Off                ; Off                ;
; Optimization Technique                                                     ; Balanced           ; Balanced           ;
; Carry Chain Length                                                         ; 70                 ; 70                 ;
; Auto Carry Chains                                                          ; On                 ; On                 ;
; Auto Open-Drain Pins                                                       ; On                 ; On                 ;
; Perform WYSIWYG Primitive Resynthesis                                      ; Off                ; Off                ;
; Auto ROM Replacement                                                       ; On                 ; On                 ;
; Auto RAM Replacement                                                       ; On                 ; On                 ;
; Auto Shift Register Replacement                                            ; Auto               ; Auto               ;
; Allow Shift Register Merging across Hierarchies                            ; Auto               ; Auto               ;
; Auto Clock Enable Replacement                                              ; On                 ; On                 ;
; Strict RAM Replacement                                                     ; Off                ; Off                ;
; Allow Synchronous Control Signals                                          ; On                 ; On                 ;
; Force Use of Synchronous Clear Signals                                     ; Off                ; Off                ;
; Auto RAM to Logic Cell Conversion                                          ; Off                ; Off                ;
; Auto Resource Sharing                                                      ; Off                ; Off                ;
; Allow Any RAM Size For Recognition                                         ; Off                ; Off                ;
; Allow Any ROM Size For Recognition                                         ; Off                ; Off                ;
; Allow Any Shift Register Size For Recognition                              ; Off                ; Off                ;
; Use LogicLock Constraints during Resource Balancing                        ; On                 ; On                 ;
; Ignore translate_off and synthesis_off directives                          ; Off                ; Off                ;
; Timing-Driven Synthesis                                                    ; Off                ; Off                ;
; Report Parameter Settings                                                  ; On                 ; On                 ;
; Report Source Assignments                                                  ; On                 ; On                 ;
; Report Connectivity Checks                                                 ; On                 ; On                 ;
; Ignore Maximum Fan-Out Assignments                                         ; Off                ; Off                ;
; Synchronization Register Chain Length                                      ; 2                  ; 2                  ;
; PowerPlay Power Optimization                                               ; Normal compilation ; Normal compilation ;
; HDL message level                                                          ; Level2             ; Level2             ;
; Suppress Register Optimization Related Messages                            ; Off                ; Off                ;
; Number of Removed Registers Reported in Synthesis Report                   ; 5000               ; 5000               ;
; Number of Swept Nodes Reported in Synthesis Report                         ; 5000               ; 5000               ;
; Number of Inverted Registers Reported in Synthesis Report                  ; 100                ; 100                ;
; Clock MUX Protection                                                       ; On                 ; On                 ;
; Auto Gated Clock Conversion                                                ; Off                ; Off                ;
; Block Design Naming                                                        ; Auto               ; Auto               ;
; SDC constraint protection                                                  ; Off                ; Off                ;
; Synthesis Effort                                                           ; Auto               ; Auto               ;
; Shift Register Replacement - Allow Asynchronous Clear Signal               ; On                 ; On                 ;
; Pre-Mapping Resynthesis Optimization                                       ; Off                ; Off                ;
; Analysis & Synthesis Message Level                                         ; Medium             ; Medium             ;
; Disable Register Merging Across Hierarchies                                ; Auto               ; Auto               ;
; Resource Aware Inference For Block RAM                                     ; On                 ; On                 ;
; Synthesis Seed                                                             ; 1                  ; 1                  ;
+----------------------------------------------------------------------------+--------------------+--------------------+


Parallel compilation was disabled, but you have multiple processors available. Enable parallel compilation to reduce compilation time.
+-------------------------------------+
; Parallel Compilation                ;
+----------------------------+--------+
; Processors                 ; Number ;
+----------------------------+--------+
; Number detected on machine ; 4      ;
; Maximum allowed            ; 1      ;
+----------------------------+--------+


+-----------------------------------------------------------------------------------------------------------------------------------------------------------------------------------+
; Analysis & Synthesis Source Files Read                                                                                                                                            ;
+----------------------------------+-----------------+------------------------------+-------------------------------------------------------------------------------------+---------+
; File Name with User-Entered Path ; Used in Netlist ; File Type                    ; File Name with Absolute Path                                                        ; Library ;
+----------------------------------+-----------------+------------------------------+-------------------------------------------------------------------------------------+---------+
; lauf.tdf                         ; yes             ; User AHDL File               ; F:/Bibliotheken/OneDrive/Uni/Elektronik/fpga/d3/lauflicht/lauf.tdf                  ;         ;
; schiebe.tdf                      ; yes             ; User AHDL File               ; F:/Bibliotheken/OneDrive/Uni/Elektronik/fpga/d3/lauflicht/schiebe.tdf               ;         ;
; teiler.tdf                       ; yes             ; User AHDL File               ; F:/Bibliotheken/OneDrive/Uni/Elektronik/fpga/d3/lauflicht/teiler.tdf                ;         ;
; hex_conv.vhd                     ; yes             ; User VHDL File               ; F:/Bibliotheken/OneDrive/Uni/Elektronik/fpga/d3/lauflicht/hex_conv.vhd              ;         ;
; schiebe.inc                      ; yes             ; Auto-Found AHDL File         ; F:/Bibliotheken/OneDrive/Uni/Elektronik/fpga/d3/lauflicht/schiebe.inc               ;         ;
; lpm_counter.inc                  ; yes             ; Megafunction                 ; f:/programme/altera/13.0sp1/quartus/libraries/megafunctions/lpm_counter.inc         ;         ;
; teiler.inc                       ; yes             ; Auto-Found AHDL File         ; F:/Bibliotheken/OneDrive/Uni/Elektronik/fpga/d3/lauflicht/teiler.inc                ;         ;
; hex_conv.inc                     ; yes             ; Auto-Found AHDL File         ; F:/Bibliotheken/OneDrive/Uni/Elektronik/fpga/d3/lauflicht/hex_conv.inc              ;         ;
; lpm_counter.tdf                  ; yes             ; Megafunction                 ; f:/programme/altera/13.0sp1/quartus/libraries/megafunctions/lpm_counter.tdf         ;         ;
; lpm_constant.inc                 ; yes             ; Megafunction                 ; f:/programme/altera/13.0sp1/quartus/libraries/megafunctions/lpm_constant.inc        ;         ;
; lpm_decode.inc                   ; yes             ; Megafunction                 ; f:/programme/altera/13.0sp1/quartus/libraries/megafunctions/lpm_decode.inc          ;         ;
; lpm_add_sub.inc                  ; yes             ; Megafunction                 ; f:/programme/altera/13.0sp1/quartus/libraries/megafunctions/lpm_add_sub.inc         ;         ;
; cmpconst.inc                     ; yes             ; Megafunction                 ; f:/programme/altera/13.0sp1/quartus/libraries/megafunctions/cmpconst.inc            ;         ;
; lpm_compare.inc                  ; yes             ; Megafunction                 ; f:/programme/altera/13.0sp1/quartus/libraries/megafunctions/lpm_compare.inc         ;         ;
; dffeea.inc                       ; yes             ; Megafunction                 ; f:/programme/altera/13.0sp1/quartus/libraries/megafunctions/dffeea.inc              ;         ;
; alt_counter_stratix.inc          ; yes             ; Megafunction                 ; f:/programme/altera/13.0sp1/quartus/libraries/megafunctions/alt_counter_stratix.inc ;         ;
; aglobal130.inc                   ; yes             ; Megafunction                 ; f:/programme/altera/13.0sp1/quartus/libraries/megafunctions/aglobal130.inc          ;         ;
; db/cntr_djj.tdf                  ; yes             ; Auto-Generated Megafunction  ; F:/Bibliotheken/OneDrive/Uni/Elektronik/fpga/d3/lauflicht/db/cntr_djj.tdf           ;         ;
; db/cntr_l7g.tdf                  ; yes             ; Auto-Generated Megafunction  ; F:/Bibliotheken/OneDrive/Uni/Elektronik/fpga/d3/lauflicht/db/cntr_l7g.tdf           ;         ;
; db/cntr_0nj.tdf                  ; yes             ; Auto-Generated Megafunction  ; F:/Bibliotheken/OneDrive/Uni/Elektronik/fpga/d3/lauflicht/db/cntr_0nj.tdf           ;         ;
+----------------------------------+-----------------+------------------------------+-------------------------------------------------------------------------------------+---------+


+-----------------------------------------------------+
; Analysis & Synthesis Resource Usage Summary         ;
+---------------------------------------------+-------+
; Resource                                    ; Usage ;
+---------------------------------------------+-------+
; Estimated Total logic elements              ; 87    ;
;                                             ;       ;
; Total combinational functions               ; 86    ;
; Logic element usage by number of LUT inputs ;       ;
;     -- 4 input functions                    ; 40    ;
;     -- 3 input functions                    ; 9     ;
;     -- <=2 input functions                  ; 37    ;
;                                             ;       ;
; Logic elements by mode                      ;       ;
;     -- normal mode                          ; 60    ;
;     -- arithmetic mode                      ; 26    ;
;                                             ;       ;
; Total registers                             ; 45    ;
;     -- Dedicated logic registers            ; 45    ;
;     -- I/O registers                        ; 0     ;
;                                             ;       ;
; I/O pins                                    ; 30    ;
; Embedded Multiplier 9-bit elements          ; 0     ;
; Maximum fan-out node                        ; s2    ;
; Maximum fan-out                             ; 22    ;
; Total fan-out                               ; 395   ;
; Average fan-out                             ; 2.45  ;
+---------------------------------------------+-------+


+--------------------------------------------------------------------------------------------------------------------------------------------------------------------------------------------------------------------------------------+
; Analysis & Synthesis Resource Utilization by Entity                                                                                                                                                                                  ;
+------------------------------------+-------------------+--------------+-------------+--------------+---------+-----------+------+--------------+----------------------------------------------------------------------+--------------+
; Compilation Hierarchy Node         ; LC Combinationals ; LC Registers ; Memory Bits ; DSP Elements ; DSP 9x9 ; DSP 18x18 ; Pins ; Virtual Pins ; Full Hierarchy Name                                                  ; Library Name ;
+------------------------------------+-------------------+--------------+-------------+--------------+---------+-----------+------+--------------+----------------------------------------------------------------------+--------------+
; |lauf                              ; 86 (19)           ; 45 (8)       ; 0           ; 0            ; 0       ; 0         ; 30   ; 0            ; |lauf                                                                ; work         ;
;    |hex_conv:n|                    ; 8 (8)             ; 0 (0)        ; 0           ; 0            ; 0       ; 0         ; 0    ; 0            ; |lauf|hex_conv:n                                                     ; work         ;
;    |lpm_counter:warten_counter|    ; 10 (0)            ; 10 (0)       ; 0           ; 0            ; 0       ; 0         ; 0    ; 0            ; |lauf|lpm_counter:warten_counter                                     ; work         ;
;       |cntr_djj:auto_generated|    ; 10 (10)           ; 10 (10)      ; 0           ; 0            ; 0       ; 0         ; 0    ; 0            ; |lauf|lpm_counter:warten_counter|cntr_djj:auto_generated             ; work         ;
;    |schiebe:register|              ; 25 (25)           ; 8 (8)        ; 0           ; 0            ; 0       ; 0         ; 0    ; 0            ; |lauf|schiebe:register                                               ; work         ;
;    |teiler:taktgeber|              ; 24 (5)            ; 19 (1)       ; 0           ; 0            ; 0       ; 0         ; 0    ; 0            ; |lauf|teiler:taktgeber                                               ; work         ;
;       |lpm_counter:counter12|      ; 12 (0)            ; 12 (0)       ; 0           ; 0            ; 0       ; 0         ; 0    ; 0            ; |lauf|teiler:taktgeber|lpm_counter:counter12                         ; work         ;
;          |cntr_0nj:auto_generated| ; 12 (12)           ; 12 (12)      ; 0           ; 0            ; 0       ; 0         ; 0    ; 0            ; |lauf|teiler:taktgeber|lpm_counter:counter12|cntr_0nj:auto_generated ; work         ;
;       |lpm_counter:counter6|       ; 7 (0)             ; 6 (0)        ; 0           ; 0            ; 0       ; 0         ; 0    ; 0            ; |lauf|teiler:taktgeber|lpm_counter:counter6                          ; work         ;
;          |cntr_l7g:auto_generated| ; 7 (7)             ; 6 (6)        ; 0           ; 0            ; 0       ; 0         ; 0    ; 0            ; |lauf|teiler:taktgeber|lpm_counter:counter6|cntr_l7g:auto_generated  ; work         ;
+------------------------------------+-------------------+--------------+-------------+--------------+---------+-----------+------+--------------+----------------------------------------------------------------------+--------------+
Note: For table entries with two numbers listed, the numbers in parentheses indicate the number of resources of the given type used by the specific entity alone. The numbers listed outside of parentheses indicate the total resources of the given type used by the specific entity and all of its sub-entities in the hierarchy.


Encoding Type:  One-Hot
+-----------------------------------------+
; State Machine - |lauf|m                 ;
+------+----+----+----+----+----+----+----+
; Name ; s7 ; s6 ; s5 ; s4 ; s3 ; s2 ; s1 ;
+------+----+----+----+----+----+----+----+
; s1   ; 0  ; 0  ; 0  ; 0  ; 0  ; 0  ; 0  ;
; s2   ; 0  ; 0  ; 0  ; 0  ; 0  ; 1  ; 1  ;
; s3   ; 0  ; 0  ; 0  ; 0  ; 1  ; 0  ; 1  ;
; s4   ; 0  ; 0  ; 0  ; 1  ; 0  ; 0  ; 1  ;
; s5   ; 0  ; 0  ; 1  ; 0  ; 0  ; 0  ; 1  ;
; s6   ; 0  ; 1  ; 0  ; 0  ; 0  ; 0  ; 1  ;
; s7   ; 1  ; 0  ; 0  ; 0  ; 0  ; 0  ; 1  ;
+------+----+----+----+----+----+----+----+


+------------------------------------------------------+
; General Register Statistics                          ;
+----------------------------------------------+-------+
; Statistic                                    ; Value ;
+----------------------------------------------+-------+
; Total registers                              ; 45    ;
; Number of registers using Synchronous Clear  ; 0     ;
; Number of registers using Synchronous Load   ; 22    ;
; Number of registers using Asynchronous Clear ; 0     ;
; Number of registers using Asynchronous Load  ; 0     ;
; Number of registers using Clock Enable       ; 0     ;
; Number of registers using Preset             ; 0     ;
+----------------------------------------------+-------+


+------------------------------------------------------------------------------------------------------------------------------------------+
; Multiplexer Restructuring Statistics (Restructuring Performed)                                                                           ;
+--------------------+-----------+---------------+----------------------+------------------------+------------+----------------------------+
; Multiplexer Inputs ; Bus Width ; Baseline Area ; Area if Restructured ; Saving if Restructured ; Registered ; Example Multiplexer Output ;
+--------------------+-----------+---------------+----------------------+------------------------+------------+----------------------------+
; 8:1                ; 2 bits    ; 10 LEs        ; 6 LEs                ; 4 LEs                  ; No         ; |lauf|hex_conv:n|hex[1]    ;
+--------------------+-----------+---------------+----------------------+------------------------+------------+----------------------------+


+-------------------------------------------------------------------------+
; Parameter Settings for User Entity Instance: lpm_counter:warten_counter ;
+------------------------+-------------------+----------------------------+
; Parameter Name         ; Value             ; Type                       ;
+------------------------+-------------------+----------------------------+
; AUTO_CARRY_CHAINS      ; ON                ; AUTO_CARRY                 ;
; IGNORE_CARRY_BUFFERS   ; OFF               ; IGNORE_CARRY               ;
; AUTO_CASCADE_CHAINS    ; ON                ; AUTO_CASCADE               ;
; IGNORE_CASCADE_BUFFERS ; OFF               ; IGNORE_CASCADE             ;
; LPM_WIDTH              ; 10                ; Untyped                    ;
; LPM_DIRECTION          ; DOWN              ; Untyped                    ;
; LPM_MODULUS            ; 0                 ; Untyped                    ;
; LPM_AVALUE             ; UNUSED            ; Untyped                    ;
; LPM_SVALUE             ; 10                ; Untyped                    ;
; LPM_PORT_UPDOWN        ; PORT_CONNECTIVITY ; Untyped                    ;
; DEVICE_FAMILY          ; Cyclone II        ; Untyped                    ;
; CARRY_CHAIN            ; MANUAL            ; Untyped                    ;
; CARRY_CHAIN_LENGTH     ; 48                ; CARRY_CHAIN_LENGTH         ;
; NOT_GATE_PUSH_BACK     ; ON                ; NOT_GATE_PUSH_BACK         ;
; CARRY_CNT_EN           ; SMART             ; Untyped                    ;
; LABWIDE_SCLR           ; ON                ; Untyped                    ;
; USE_NEW_VERSION        ; TRUE              ; Untyped                    ;
; CBXI_PARAMETER         ; cntr_djj          ; Untyped                    ;
+------------------------+-------------------+----------------------------+
Note: In order to hide this table in the UI and the text report file, please set the "Show Parameter Settings in Synthesis Report" option in "Analysis and Synthesis Settings -> More Settings" to "Off".


+------------------------------------------------------------------------------------+
; Parameter Settings for User Entity Instance: teiler:taktgeber|lpm_counter:counter6 ;
+------------------------+-------------------+---------------------------------------+
; Parameter Name         ; Value             ; Type                                  ;
+------------------------+-------------------+---------------------------------------+
; AUTO_CARRY_CHAINS      ; ON                ; AUTO_CARRY                            ;
; IGNORE_CARRY_BUFFERS   ; OFF               ; IGNORE_CARRY                          ;
; AUTO_CASCADE_CHAINS    ; ON                ; AUTO_CASCADE                          ;
; IGNORE_CASCADE_BUFFERS ; OFF               ; IGNORE_CASCADE                        ;
; LPM_WIDTH              ; 6                 ; Untyped                               ;
; LPM_DIRECTION          ; DEFAULT           ; Untyped                               ;
; LPM_MODULUS            ; 0                 ; Untyped                               ;
; LPM_AVALUE             ; UNUSED            ; Untyped                               ;
; LPM_SVALUE             ; UNUSED            ; Untyped                               ;
; LPM_PORT_UPDOWN        ; PORT_CONNECTIVITY ; Untyped                               ;
; DEVICE_FAMILY          ; Cyclone II        ; Untyped                               ;
; CARRY_CHAIN            ; MANUAL            ; Untyped                               ;
; CARRY_CHAIN_LENGTH     ; 48                ; CARRY_CHAIN_LENGTH                    ;
; NOT_GATE_PUSH_BACK     ; ON                ; NOT_GATE_PUSH_BACK                    ;
; CARRY_CNT_EN           ; SMART             ; Untyped                               ;
; LABWIDE_SCLR           ; ON                ; Untyped                               ;
; USE_NEW_VERSION        ; TRUE              ; Untyped                               ;
; CBXI_PARAMETER         ; cntr_l7g          ; Untyped                               ;
+------------------------+-------------------+---------------------------------------+
Note: In order to hide this table in the UI and the text report file, please set the "Show Parameter Settings in Synthesis Report" option in "Analysis and Synthesis Settings -> More Settings" to "Off".


+-------------------------------------------------------------------------------------+
; Parameter Settings for User Entity Instance: teiler:taktgeber|lpm_counter:counter12 ;
+------------------------+-------------------+----------------------------------------+
; Parameter Name         ; Value             ; Type                                   ;
+------------------------+-------------------+----------------------------------------+
; AUTO_CARRY_CHAINS      ; ON                ; AUTO_CARRY                             ;
; IGNORE_CARRY_BUFFERS   ; OFF               ; IGNORE_CARRY                           ;
; AUTO_CASCADE_CHAINS    ; ON                ; AUTO_CASCADE                           ;
; IGNORE_CASCADE_BUFFERS ; OFF               ; IGNORE_CASCADE                         ;
; LPM_WIDTH              ; 12                ; Untyped                                ;
; LPM_DIRECTION          ; DOWN              ; Untyped                                ;
; LPM_MODULUS            ; 0                 ; Untyped                                ;
; LPM_AVALUE             ; UNUSED            ; Untyped                                ;
; LPM_SVALUE             ; 3906              ; Untyped                                ;
; LPM_PORT_UPDOWN        ; PORT_CONNECTIVITY ; Untyped                                ;
; DEVICE_FAMILY          ; Cyclone II        ; Untyped                                ;
; CARRY_CHAIN            ; MANUAL            ; Untyped                                ;
; CARRY_CHAIN_LENGTH     ; 48                ; CARRY_CHAIN_LENGTH                     ;
; NOT_GATE_PUSH_BACK     ; ON                ; NOT_GATE_PUSH_BACK                     ;
; CARRY_CNT_EN           ; SMART             ; Untyped                                ;
; LABWIDE_SCLR           ; ON                ; Untyped                                ;
; USE_NEW_VERSION        ; TRUE              ; Untyped                                ;
; CBXI_PARAMETER         ; cntr_0nj          ; Untyped                                ;
+------------------------+-------------------+----------------------------------------+
Note: In order to hide this table in the UI and the text report file, please set the "Show Parameter Settings in Synthesis Report" option in "Analysis and Synthesis Settings -> More Settings" to "Off".


+-------------------------------+
; Elapsed Time Per Partition    ;
+----------------+--------------+
; Partition Name ; Elapsed Time ;
+----------------+--------------+
; Top            ; 00:00:00     ;
+----------------+--------------+


+-------------------------------+
; Analysis & Synthesis Messages ;
+-------------------------------+
Info: *******************************************************************
Info: Running Quartus II 64-Bit Analysis & Synthesis
    Info: Version 13.0.1 Build 232 06/12/2013 Service Pack 1 SJ Web Edition
    Info: Processing started: Thu Jan 12 20:36:03 2017
Info: Command: quartus_map --read_settings_files=on --write_settings_files=off lauf -c lauf
Warning (20028): Parallel compilation is not licensed and has been disabled
Warning (287004): Group name "digit" is missing brackets ([ ])
Warning (287004): Group name "digit" is missing brackets ([ ])
Warning (287004): Group name "digit" is missing brackets ([ ])
Warning (287004): Group name "digit" is missing brackets ([ ])
Warning (287004): Group name "digit" is missing brackets ([ ])
Warning (287004): Group name "q" is missing brackets ([ ])
Warning (287004): Group name "digit" is missing brackets ([ ])
Warning (287004): Group name "digit" is missing brackets ([ ])
Info (12021): Found 1 design units, including 1 entities, in source file lauf.tdf
    Info (12023): Found entity 1: lauf
Info (12021): Found 1 design units, including 1 entities, in source file schiebe.tdf
    Info (12023): Found entity 1: schiebe
Warning (287006): Constant or parameter "DOWN" is used but not defined -- interpreted constant or parameter as quoted string
Warning (287004): Group name "q" is missing brackets ([ ])
Info (12021): Found 1 design units, including 1 entities, in source file teiler.tdf
    Info (12023): Found entity 1: teiler
Info (12021): Found 2 design units, including 1 entities, in source file hex_conv.vhd
    Info (12022): Found design unit 1: hex_conv-behave
    Info (12023): Found entity 1: hex_conv
Info (12127): Elaborating entity "lauf" for the top level hierarchy
Info (12128): Elaborating entity "schiebe" for hierarchy "schiebe:register"
Warning (287013): Variable or input pin "SERIN" is defined but never used.
Info (12128): Elaborating entity "lpm_counter" for hierarchy "lpm_counter:warten_counter"
Info (12130): Elaborated megafunction instantiation "lpm_counter:warten_counter"
Info (12133): Instantiated megafunction "lpm_counter:warten_counter" with the following parameter:
    Info (12134): Parameter "LPM_WIDTH" = "10"
    Info (12134): Parameter "LPM_DIRECTION" = "DOWN"
    Info (12134): Parameter "LPM_SVALUE" = "10"
Info (12021): Found 1 design units, including 1 entities, in source file db/cntr_djj.tdf
    Info (12023): Found entity 1: cntr_djj
Info (12128): Elaborating entity "cntr_djj" for hierarchy "lpm_counter:warten_counter|cntr_djj:auto_generated"
Info (12128): Elaborating entity "teiler" for hierarchy "teiler:taktgeber"
Info (12128): Elaborating entity "lpm_counter" for hierarchy "teiler:taktgeber|lpm_counter:counter6"
Info (12130): Elaborated megafunction instantiation "teiler:taktgeber|lpm_counter:counter6"
Info (12133): Instantiated megafunction "teiler:taktgeber|lpm_counter:counter6" with the following parameter:
    Info (12134): Parameter "LPM_WIDTH" = "6"
Info (12021): Found 1 design units, including 1 entities, in source file db/cntr_l7g.tdf
    Info (12023): Found entity 1: cntr_l7g
Info (12128): Elaborating entity "cntr_l7g" for hierarchy "teiler:taktgeber|lpm_counter:counter6|cntr_l7g:auto_generated"
Info (12128): Elaborating entity "lpm_counter" for hierarchy "teiler:taktgeber|lpm_counter:counter12"
Info (12130): Elaborated megafunction instantiation "teiler:taktgeber|lpm_counter:counter12"
Info (12133): Instantiated megafunction "teiler:taktgeber|lpm_counter:counter12" with the following parameter:
    Info (12134): Parameter "LPM_WIDTH" = "12"
    Info (12134): Parameter "LPM_DIRECTION" = "DOWN"
    Info (12134): Parameter "LPM_SVALUE" = "3906"
Info (12021): Found 1 design units, including 1 entities, in source file db/cntr_0nj.tdf
    Info (12023): Found entity 1: cntr_0nj
Info (12128): Elaborating entity "cntr_0nj" for hierarchy "teiler:taktgeber|lpm_counter:counter12|cntr_0nj:auto_generated"
Info (12128): Elaborating entity "hex_conv" for hierarchy "hex_conv:n"
Warning (10631): VHDL Process Statement warning at hex_conv.vhd(15): inferring latch(es) for signal or variable "hex", which holds its previous value in one or more paths through the process
Info (10041): Inferred latch for "hex[0]" at hex_conv.vhd(15)
Info (10041): Inferred latch for "hex[1]" at hex_conv.vhd(15)
Info (10041): Inferred latch for "hex[2]" at hex_conv.vhd(15)
Info (10041): Inferred latch for "hex[3]" at hex_conv.vhd(15)
Info (10041): Inferred latch for "hex[4]" at hex_conv.vhd(15)
Info (10041): Inferred latch for "hex[5]" at hex_conv.vhd(15)
Info (10041): Inferred latch for "hex[6]" at hex_conv.vhd(15)
Info (16010): Generating hard_block partition "hard_block:auto_generated_inst"
    Info (16011): Adding 0 node(s), including 0 DDIO, 0 PLL, 0 transceiver and 0 LCELL
Warning (21074): Design contains 2 input pin(s) that do not drive logic
    Warning (15610): No output dependent on input pin "T[3]"
    Warning (15610): No output dependent on input pin "mod_serin"
Info (21057): Implemented 117 device resources after synthesis - the final resource count might be different
    Info (21058): Implemented 14 input pins
    Info (21059): Implemented 16 output pins
    Info (21061): Implemented 87 logic cells
Info: Quartus II 64-Bit Analysis & Synthesis was successful. 0 errors, 16 warnings
    Info: Peak virtual memory: 542 megabytes
    Info: Processing ended: Thu Jan 12 20:36:06 2017
    Info: Elapsed time: 00:00:03
    Info: Total CPU time (on all processors): 00:00:02


