Analysis & Synthesis report for debouncer
Wed Jan 18 17:12:46 2017
Quartus II 32-bit Version 13.0.1 Build 232 06/12/2013 Service Pack 1 SJ Web Edition


---------------------
; Table of Contents ;
---------------------
  1. Legal Notice
  2. Analysis & Synthesis Summary
  3. Analysis & Synthesis Settings
  4. Parallel Compilation
  5. Analysis & Synthesis Source Files Read
  6. Analysis & Synthesis Resource Usage Summary
  7. Analysis & Synthesis Resource Utilization by Entity
  8. Registers Removed During Synthesis
  9. General Register Statistics
 10. Parameter Settings for User Entity Instance: lpm_counter:debounce_counter
 11. Parameter Settings for User Entity Instance: lpm_counter:test_counter
 12. Parameter Settings for User Entity Instance: lpm_counter:test_counter_unbounced
 13. Elapsed Time Per Partition
 14. Analysis & Synthesis Messages



----------------
; Legal Notice ;
----------------
Copyright (C) 1991-2013 Altera Corporation
Your use of Altera Corporation's design tools, logic functions 
and other software and tools, and its AMPP partner logic 
functions, and any output files from any of the foregoing 
(including device programming or simulation files), and any 
associated documentation or information are expressly subject 
to the terms and conditions of the Altera Program License 
Subscription Agreement, Altera MegaCore Function License 
Agreement, or other applicable license agreement, including, 
without limitation, that your use is for the sole purpose of 
programming logic devices manufactured by Altera and sold by 
Altera or its authorized distributors.  Please refer to the 
applicable agreement for further details.



+--------------------------------------------------------------------------------------+
; Analysis & Synthesis Summary                                                         ;
+------------------------------------+-------------------------------------------------+
; Analysis & Synthesis Status        ; Successful - Wed Jan 18 17:12:46 2017           ;
; Quartus II 32-bit Version          ; 13.0.1 Build 232 06/12/2013 SP 1 SJ Web Edition ;
; Revision Name                      ; debouncer                                       ;
; Top-level Entity Name              ; debouncer                                       ;
; Family                             ; Cyclone II                                      ;
; Total logic elements               ; 25                                              ;
;     Total combinational functions  ; 22                                              ;
;     Dedicated logic registers      ; 11                                              ;
; Total registers                    ; 11                                              ;
; Total pins                         ; 17                                              ;
; Total virtual pins                 ; 0                                               ;
; Total memory bits                  ; 0                                               ;
; Embedded Multiplier 9-bit elements ; 0                                               ;
; Total PLLs                         ; 0                                               ;
+------------------------------------+-------------------------------------------------+


+----------------------------------------------------------------------------------------------------------------------+
; Analysis & Synthesis Settings                                                                                        ;
+----------------------------------------------------------------------------+--------------------+--------------------+
; Option                                                                     ; Setting            ; Default Value      ;
+----------------------------------------------------------------------------+--------------------+--------------------+
; Device                                                                     ; EP2C20F484C7       ;                    ;
; Top-level entity name                                                      ; debouncer          ; debouncer          ;
; Family name                                                                ; Cyclone II         ; Cyclone IV GX      ;
; Use smart compilation                                                      ; Off                ; Off                ;
; Enable parallel Assembler and TimeQuest Timing Analyzer during compilation ; On                 ; On                 ;
; Enable compact report table                                                ; Off                ; Off                ;
; Restructure Multiplexers                                                   ; Auto               ; Auto               ;
; Create Debugging Nodes for IP Cores                                        ; Off                ; Off                ;
; Preserve fewer node names                                                  ; On                 ; On                 ;
; Disable OpenCore Plus hardware evaluation                                  ; Off                ; Off                ;
; Verilog Version                                                            ; Verilog_2001       ; Verilog_2001       ;
; VHDL Version                                                               ; VHDL_1993          ; VHDL_1993          ;
; State Machine Processing                                                   ; Auto               ; Auto               ;
; Safe State Machine                                                         ; Off                ; Off                ;
; Extract Verilog State Machines                                             ; On                 ; On                 ;
; Extract VHDL State Machines                                                ; On                 ; On                 ;
; Ignore Verilog initial constructs                                          ; Off                ; Off                ;
; Iteration limit for constant Verilog loops                                 ; 5000               ; 5000               ;
; Iteration limit for non-constant Verilog loops                             ; 250                ; 250                ;
; Add Pass-Through Logic to Inferred RAMs                                    ; On                 ; On                 ;
; Infer RAMs from Raw Logic                                                  ; On                 ; On                 ;
; Parallel Synthesis                                                         ; On                 ; On                 ;
; DSP Block Balancing                                                        ; Auto               ; Auto               ;
; NOT Gate Push-Back                                                         ; On                 ; On                 ;
; Power-Up Don't Care                                                        ; On                 ; On                 ;
; Remove Redundant Logic Cells                                               ; Off                ; Off                ;
; Remove Duplicate Registers                                                 ; On                 ; On                 ;
; Ignore CARRY Buffers                                                       ; Off                ; Off                ;
; Ignore CASCADE Buffers                                                     ; Off                ; Off                ;
; Ignore GLOBAL Buffers                                                      ; Off                ; Off                ;
; Ignore ROW GLOBAL Buffers                                                  ; Off                ; Off                ;
; Ignore LCELL Buffers                                                       ; Off                ; Off                ;
; Ignore SOFT Buffers                                                        ; On                 ; On                 ;
; Limit AHDL Integers to 32 Bits                                             ; Off                ; Off                ;
; Optimization Technique                                                     ; Balanced           ; Balanced           ;
; Carry Chain Length                                                         ; 70                 ; 70                 ;
; Auto Carry Chains                                                          ; On                 ; On                 ;
; Auto Open-Drain Pins                                                       ; On                 ; On                 ;
; Perform WYSIWYG Primitive Resynthesis                                      ; Off                ; Off                ;
; Auto ROM Replacement                                                       ; On                 ; On                 ;
; Auto RAM Replacement                                                       ; On                 ; On                 ;
; Auto Shift Register Replacement                                            ; Auto               ; Auto               ;
; Allow Shift Register Merging across Hierarchies                            ; Auto               ; Auto               ;
; Auto Clock Enable Replacement                                              ; On                 ; On                 ;
; Strict RAM Replacement                                                     ; Off                ; Off                ;
; Allow Synchronous Control Signals                                          ; On                 ; On                 ;
; Force Use of Synchronous Clear Signals                                     ; Off                ; Off                ;
; Auto RAM to Logic Cell Conversion                                          ; Off                ; Off                ;
; Auto Resource Sharing                                                      ; Off                ; Off                ;
; Allow Any RAM Size For Recognition                                         ; Off                ; Off                ;
; Allow Any ROM Size For Recognition                                         ; Off                ; Off                ;
; Allow Any Shift Register Size For Recognition                              ; Off                ; Off                ;
; Use LogicLock Constraints during Resource Balancing                        ; On                 ; On                 ;
; Ignore translate_off and synthesis_off directives                          ; Off                ; Off                ;
; Timing-Driven Synthesis                                                    ; Off                ; Off                ;
; Report Parameter Settings                                                  ; On                 ; On                 ;
; Report Source Assignments                                                  ; On                 ; On                 ;
; Report Connectivity Checks                                                 ; On                 ; On                 ;
; Ignore Maximum Fan-Out Assignments                                         ; Off                ; Off                ;
; Synchronization Register Chain Length                                      ; 2                  ; 2                  ;
; PowerPlay Power Optimization                                               ; Normal compilation ; Normal compilation ;
; HDL message level                                                          ; Level2             ; Level2             ;
; Suppress Register Optimization Related Messages                            ; Off                ; Off                ;
; Number of Removed Registers Reported in Synthesis Report                   ; 5000               ; 5000               ;
; Number of Swept Nodes Reported in Synthesis Report                         ; 5000               ; 5000               ;
; Number of Inverted Registers Reported in Synthesis Report                  ; 100                ; 100                ;
; Clock MUX Protection                                                       ; On                 ; On                 ;
; Auto Gated Clock Conversion                                                ; Off                ; Off                ;
; Block Design Naming                                                        ; Auto               ; Auto               ;
; SDC constraint protection                                                  ; Off                ; Off                ;
; Synthesis Effort                                                           ; Auto               ; Auto               ;
; Shift Register Replacement - Allow Asynchronous Clear Signal               ; On                 ; On                 ;
; Pre-Mapping Resynthesis Optimization                                       ; Off                ; Off                ;
; Analysis & Synthesis Message Level                                         ; Medium             ; Medium             ;
; Disable Register Merging Across Hierarchies                                ; Auto               ; Auto               ;
; Resource Aware Inference For Block RAM                                     ; On                 ; On                 ;
; Synthesis Seed                                                             ; 1                  ; 1                  ;
+----------------------------------------------------------------------------+--------------------+--------------------+


Parallel compilation was disabled, but you have multiple processors available. Enable parallel compilation to reduce compilation time.
+-------------------------------------+
; Parallel Compilation                ;
+----------------------------+--------+
; Processors                 ; Number ;
+----------------------------+--------+
; Number detected on machine ; 4      ;
; Maximum allowed            ; 1      ;
+----------------------------+--------+


+---------------------------------------------------------------------------------------------------------------------------------------------------------------------------------------+
; Analysis & Synthesis Source Files Read                                                                                                                                                ;
+----------------------------------+-----------------+------------------------------+-----------------------------------------------------------------------------------------+---------+
; File Name with User-Entered Path ; Used in Netlist ; File Type                    ; File Name with Absolute Path                                                            ; Library ;
+----------------------------------+-----------------+------------------------------+-----------------------------------------------------------------------------------------+---------+
; debouncer.vhd                    ; yes             ; User VHDL File               ; /home/sebi/studium/elektronik/d4/debouncer/debouncer.vhd                                ;         ;
; hex_conv.vhd                     ; yes             ; User VHDL File               ; /home/sebi/studium/elektronik/d4/debouncer/hex_conv.vhd                                 ;         ;
; lpm_counter.tdf                  ; yes             ; Megafunction                 ; /home/sebi/tools/altera/13.0sp1/quartus/libraries/megafunctions/lpm_counter.tdf         ;         ;
; lpm_constant.inc                 ; yes             ; Megafunction                 ; /home/sebi/tools/altera/13.0sp1/quartus/libraries/megafunctions/lpm_constant.inc        ;         ;
; lpm_decode.inc                   ; yes             ; Megafunction                 ; /home/sebi/tools/altera/13.0sp1/quartus/libraries/megafunctions/lpm_decode.inc          ;         ;
; lpm_add_sub.inc                  ; yes             ; Megafunction                 ; /home/sebi/tools/altera/13.0sp1/quartus/libraries/megafunctions/lpm_add_sub.inc         ;         ;
; cmpconst.inc                     ; yes             ; Megafunction                 ; /home/sebi/tools/altera/13.0sp1/quartus/libraries/megafunctions/cmpconst.inc            ;         ;
; lpm_compare.inc                  ; yes             ; Megafunction                 ; /home/sebi/tools/altera/13.0sp1/quartus/libraries/megafunctions/lpm_compare.inc         ;         ;
; lpm_counter.inc                  ; yes             ; Megafunction                 ; /home/sebi/tools/altera/13.0sp1/quartus/libraries/megafunctions/lpm_counter.inc         ;         ;
; dffeea.inc                       ; yes             ; Megafunction                 ; /home/sebi/tools/altera/13.0sp1/quartus/libraries/megafunctions/dffeea.inc              ;         ;
; alt_counter_stratix.inc          ; yes             ; Megafunction                 ; /home/sebi/tools/altera/13.0sp1/quartus/libraries/megafunctions/alt_counter_stratix.inc ;         ;
; aglobal130.inc                   ; yes             ; Megafunction                 ; /home/sebi/tools/altera/13.0sp1/quartus/libraries/megafunctions/aglobal130.inc          ;         ;
; db/cntr_e6j.tdf                  ; yes             ; Auto-Generated Megafunction  ; /home/sebi/studium/elektronik/d4/debouncer/db/cntr_e6j.tdf                              ;         ;
; db/cntr_okh.tdf                  ; yes             ; Auto-Generated Megafunction  ; /home/sebi/studium/elektronik/d4/debouncer/db/cntr_okh.tdf                              ;         ;
+----------------------------------+-----------------+------------------------------+-----------------------------------------------------------------------------------------+---------+


+----------------------------------------------------------------------------------------------------------+
; Analysis & Synthesis Resource Usage Summary                                                              ;
+---------------------------------------------+------------------------------------------------------------+
; Resource                                    ; Usage                                                      ;
+---------------------------------------------+------------------------------------------------------------+
; Estimated Total logic elements              ; 25                                                         ;
;                                             ;                                                            ;
; Total combinational functions               ; 22                                                         ;
; Logic element usage by number of LUT inputs ;                                                            ;
;     -- 4 input functions                    ; 14                                                         ;
;     -- 3 input functions                    ; 0                                                          ;
;     -- <=2 input functions                  ; 8                                                          ;
;                                             ;                                                            ;
; Logic elements by mode                      ;                                                            ;
;     -- normal mode                          ; 16                                                         ;
;     -- arithmetic mode                      ; 6                                                          ;
;                                             ;                                                            ;
; Total registers                             ; 11                                                         ;
;     -- Dedicated logic registers            ; 11                                                         ;
;     -- I/O registers                        ; 0                                                          ;
;                                             ;                                                            ;
; I/O pins                                    ; 17                                                         ;
; Embedded Multiplier 9-bit elements          ; 0                                                          ;
; Maximum fan-out node                        ; lpm_counter:test_counter|cntr_okh:auto_generated|safe_q[3] ;
; Maximum fan-out                             ; 8                                                          ;
; Total fan-out                               ; 106                                                        ;
; Average fan-out                             ; 2.12                                                       ;
+---------------------------------------------+------------------------------------------------------------+


+--------------------------------------------------------------------------------------------------------------------------------------------------------------------------------------------------------------------------------------------+
; Analysis & Synthesis Resource Utilization by Entity                                                                                                                                                                                        ;
+-----------------------------------------+-------------------+--------------+-------------+--------------+---------+-----------+------+--------------+-----------------------------------------------------------------------+--------------+
; Compilation Hierarchy Node              ; LC Combinationals ; LC Registers ; Memory Bits ; DSP Elements ; DSP 9x9 ; DSP 18x18 ; Pins ; Virtual Pins ; Full Hierarchy Name                                                   ; Library Name ;
+-----------------------------------------+-------------------+--------------+-------------+--------------+---------+-----------+------+--------------+-----------------------------------------------------------------------+--------------+
; |debouncer                              ; 22 (0)            ; 11 (3)       ; 0           ; 0            ; 0       ; 0         ; 17   ; 0            ; |debouncer                                                            ; work         ;
;    |hex_conv:hex_0|                     ; 7 (7)             ; 0 (0)        ; 0           ; 0            ; 0       ; 0         ; 0    ; 0            ; |debouncer|hex_conv:hex_0                                             ; work         ;
;    |hex_conv:hex_1|                     ; 7 (7)             ; 0 (0)        ; 0           ; 0            ; 0       ; 0         ; 0    ; 0            ; |debouncer|hex_conv:hex_1                                             ; work         ;
;    |lpm_counter:test_counter_unbounced| ; 4 (0)             ; 4 (0)        ; 0           ; 0            ; 0       ; 0         ; 0    ; 0            ; |debouncer|lpm_counter:test_counter_unbounced                         ; work         ;
;       |cntr_okh:auto_generated|         ; 4 (4)             ; 4 (4)        ; 0           ; 0            ; 0       ; 0         ; 0    ; 0            ; |debouncer|lpm_counter:test_counter_unbounced|cntr_okh:auto_generated ; work         ;
;    |lpm_counter:test_counter|           ; 4 (0)             ; 4 (0)        ; 0           ; 0            ; 0       ; 0         ; 0    ; 0            ; |debouncer|lpm_counter:test_counter                                   ; work         ;
;       |cntr_okh:auto_generated|         ; 4 (4)             ; 4 (4)        ; 0           ; 0            ; 0       ; 0         ; 0    ; 0            ; |debouncer|lpm_counter:test_counter|cntr_okh:auto_generated           ; work         ;
+-----------------------------------------+-------------------+--------------+-------------+--------------+---------+-----------+------+--------------+-----------------------------------------------------------------------+--------------+
Note: For table entries with two numbers listed, the numbers in parentheses indicate the number of resources of the given type used by the specific entity alone. The numbers listed outside of parentheses indicate the total resources of the given type used by the specific entity and all of its sub-entities in the hierarchy.


+----------------------------------------------------------------------------------------------------------------------+
; Registers Removed During Synthesis                                                                                   ;
+-------------------------------------------------------------------------------+--------------------------------------+
; Register name                                                                 ; Reason for Removal                   ;
+-------------------------------------------------------------------------------+--------------------------------------+
; lpm_counter:debounce_counter|cntr_e6j:auto_generated|counter_reg_bit1a[0..19] ; Stuck at GND due to stuck port sload ;
; Total Number of Removed Registers = 20                                        ;                                      ;
+-------------------------------------------------------------------------------+--------------------------------------+


+------------------------------------------------------+
; General Register Statistics                          ;
+----------------------------------------------+-------+
; Statistic                                    ; Value ;
+----------------------------------------------+-------+
; Total registers                              ; 11    ;
; Number of registers using Synchronous Clear  ; 0     ;
; Number of registers using Synchronous Load   ; 0     ;
; Number of registers using Asynchronous Clear ; 0     ;
; Number of registers using Asynchronous Load  ; 0     ;
; Number of registers using Clock Enable       ; 0     ;
; Number of registers using Preset             ; 0     ;
+----------------------------------------------+-------+


+---------------------------------------------------------------------------+
; Parameter Settings for User Entity Instance: lpm_counter:debounce_counter ;
+------------------------+-------------------+------------------------------+
; Parameter Name         ; Value             ; Type                         ;
+------------------------+-------------------+------------------------------+
; AUTO_CARRY_CHAINS      ; ON                ; AUTO_CARRY                   ;
; IGNORE_CARRY_BUFFERS   ; OFF               ; IGNORE_CARRY                 ;
; AUTO_CASCADE_CHAINS    ; ON                ; AUTO_CASCADE                 ;
; IGNORE_CASCADE_BUFFERS ; OFF               ; IGNORE_CASCADE               ;
; LPM_WIDTH              ; 20                ; Signed Integer               ;
; LPM_DIRECTION          ; UP                ; Untyped                      ;
; LPM_MODULUS            ; 0                 ; Untyped                      ;
; LPM_AVALUE             ; UNUSED            ; Untyped                      ;
; LPM_SVALUE             ; 0                 ; Untyped                      ;
; LPM_PORT_UPDOWN        ; PORT_CONNECTIVITY ; Untyped                      ;
; DEVICE_FAMILY          ; Cyclone II        ; Untyped                      ;
; CARRY_CHAIN            ; MANUAL            ; Untyped                      ;
; CARRY_CHAIN_LENGTH     ; 48                ; CARRY_CHAIN_LENGTH           ;
; NOT_GATE_PUSH_BACK     ; ON                ; NOT_GATE_PUSH_BACK           ;
; CARRY_CNT_EN           ; SMART             ; Untyped                      ;
; LABWIDE_SCLR           ; ON                ; Untyped                      ;
; USE_NEW_VERSION        ; TRUE              ; Untyped                      ;
; CBXI_PARAMETER         ; cntr_e6j          ; Untyped                      ;
+------------------------+-------------------+------------------------------+
Note: In order to hide this table in the UI and the text report file, please set the "Show Parameter Settings in Synthesis Report" option in "Analysis and Synthesis Settings -> More Settings" to "Off".


+-----------------------------------------------------------------------+
; Parameter Settings for User Entity Instance: lpm_counter:test_counter ;
+------------------------+-------------------+--------------------------+
; Parameter Name         ; Value             ; Type                     ;
+------------------------+-------------------+--------------------------+
; AUTO_CARRY_CHAINS      ; ON                ; AUTO_CARRY               ;
; IGNORE_CARRY_BUFFERS   ; OFF               ; IGNORE_CARRY             ;
; AUTO_CASCADE_CHAINS    ; ON                ; AUTO_CASCADE             ;
; IGNORE_CASCADE_BUFFERS ; OFF               ; IGNORE_CASCADE           ;
; LPM_WIDTH              ; 4                 ; Signed Integer           ;
; LPM_DIRECTION          ; UP                ; Untyped                  ;
; LPM_MODULUS            ; 0                 ; Untyped                  ;
; LPM_AVALUE             ; UNUSED            ; Untyped                  ;
; LPM_SVALUE             ; UNUSED            ; Untyped                  ;
; LPM_PORT_UPDOWN        ; PORT_CONNECTIVITY ; Untyped                  ;
; DEVICE_FAMILY          ; Cyclone II        ; Untyped                  ;
; CARRY_CHAIN            ; MANUAL            ; Untyped                  ;
; CARRY_CHAIN_LENGTH     ; 48                ; CARRY_CHAIN_LENGTH       ;
; NOT_GATE_PUSH_BACK     ; ON                ; NOT_GATE_PUSH_BACK       ;
; CARRY_CNT_EN           ; SMART             ; Untyped                  ;
; LABWIDE_SCLR           ; ON                ; Untyped                  ;
; USE_NEW_VERSION        ; TRUE              ; Untyped                  ;
; CBXI_PARAMETER         ; cntr_okh          ; Untyped                  ;
+------------------------+-------------------+--------------------------+
Note: In order to hide this table in the UI and the text report file, please set the "Show Parameter Settings in Synthesis Report" option in "Analysis and Synthesis Settings -> More Settings" to "Off".


+---------------------------------------------------------------------------------+
; Parameter Settings for User Entity Instance: lpm_counter:test_counter_unbounced ;
+------------------------+-------------------+------------------------------------+
; Parameter Name         ; Value             ; Type                               ;
+------------------------+-------------------+------------------------------------+
; AUTO_CARRY_CHAINS      ; ON                ; AUTO_CARRY                         ;
; IGNORE_CARRY_BUFFERS   ; OFF               ; IGNORE_CARRY                       ;
; AUTO_CASCADE_CHAINS    ; ON                ; AUTO_CASCADE                       ;
; IGNORE_CASCADE_BUFFERS ; OFF               ; IGNORE_CASCADE                     ;
; LPM_WIDTH              ; 4                 ; Signed Integer                     ;
; LPM_DIRECTION          ; UP                ; Untyped                            ;
; LPM_MODULUS            ; 0                 ; Untyped                            ;
; LPM_AVALUE             ; UNUSED            ; Untyped                            ;
; LPM_SVALUE             ; UNUSED            ; Untyped                            ;
; LPM_PORT_UPDOWN        ; PORT_CONNECTIVITY ; Untyped                            ;
; DEVICE_FAMILY          ; Cyclone II        ; Untyped                            ;
; CARRY_CHAIN            ; MANUAL            ; Untyped                            ;
; CARRY_CHAIN_LENGTH     ; 48                ; CARRY_CHAIN_LENGTH                 ;
; NOT_GATE_PUSH_BACK     ; ON                ; NOT_GATE_PUSH_BACK                 ;
; CARRY_CNT_EN           ; SMART             ; Untyped                            ;
; LABWIDE_SCLR           ; ON                ; Untyped                            ;
; USE_NEW_VERSION        ; TRUE              ; Untyped                            ;
; CBXI_PARAMETER         ; cntr_okh          ; Untyped                            ;
+------------------------+-------------------+------------------------------------+
Note: In order to hide this table in the UI and the text report file, please set the "Show Parameter Settings in Synthesis Report" option in "Analysis and Synthesis Settings -> More Settings" to "Off".


+-------------------------------+
; Elapsed Time Per Partition    ;
+----------------+--------------+
; Partition Name ; Elapsed Time ;
+----------------+--------------+
; Top            ; 00:00:00     ;
+----------------+--------------+


+-------------------------------+
; Analysis & Synthesis Messages ;
+-------------------------------+
Info: *******************************************************************
Info: Running Quartus II 32-bit Analysis & Synthesis
    Info: Version 13.0.1 Build 232 06/12/2013 Service Pack 1 SJ Web Edition
    Info: Processing started: Wed Jan 18 17:12:44 2017
Info: Command: quartus_map --read_settings_files=on --write_settings_files=off debouncer -c debouncer
Warning (20028): Parallel compilation is not licensed and has been disabled
Info (12021): Found 2 design units, including 1 entities, in source file debouncer.vhd
    Info (12022): Found design unit 1: debouncer-behave
    Info (12023): Found entity 1: debouncer
Info (12021): Found 2 design units, including 1 entities, in source file hex_conv.vhd
    Info (12022): Found design unit 1: hex_conv-behave
    Info (12023): Found entity 1: hex_conv
Info (12127): Elaborating entity "debouncer" for the top level hierarchy
Warning (10036): Verilog HDL or VHDL warning at debouncer.vhd(59): object "q" assigned a value but never read
Warning (10036): Verilog HDL or VHDL warning at debouncer.vhd(66): object "cout_test" assigned a value but never read
Warning (10541): VHDL Signal Declaration warning at debouncer.vhd(73): used implicit default value for signal "change" because signal was never assigned a value or an explicit default value. Use of implicit default value may introduce unintended design optimizations.
Warning (10492): VHDL Process Statement warning at debouncer.vhd(104): signal "dffs_output_0" is read inside the Process Statement but isn't in the Process Statement's sensitivity list
Warning (10492): VHDL Process Statement warning at debouncer.vhd(104): signal "dffs_output_1" is read inside the Process Statement but isn't in the Process Statement's sensitivity list
Warning (10492): VHDL Process Statement warning at debouncer.vhd(107): signal "cout" is read inside the Process Statement but isn't in the Process Statement's sensitivity list
Warning (10631): VHDL Process Statement warning at debouncer.vhd(92): inferring latch(es) for signal or variable "sclr", which holds its previous value in one or more paths through the process
Warning (10631): VHDL Process Statement warning at debouncer.vhd(92): inferring latch(es) for signal or variable "ena", which holds its previous value in one or more paths through the process
Info (10041): Inferred latch for "ena" at debouncer.vhd(92)
Info (10041): Inferred latch for "sclr" at debouncer.vhd(92)
Info (12128): Elaborating entity "lpm_counter" for hierarchy "lpm_counter:debounce_counter"
Info (12130): Elaborated megafunction instantiation "lpm_counter:debounce_counter"
Info (12133): Instantiated megafunction "lpm_counter:debounce_counter" with the following parameter:
    Info (12134): Parameter "LPM_WIDTH" = "20"
    Info (12134): Parameter "LPM_DIRECTION" = "UP"
    Info (12134): Parameter "LPM_SVALUE" = "0"
Info (12021): Found 1 design units, including 1 entities, in source file db/cntr_e6j.tdf
    Info (12023): Found entity 1: cntr_e6j
Info (12128): Elaborating entity "cntr_e6j" for hierarchy "lpm_counter:debounce_counter|cntr_e6j:auto_generated"
Info (12128): Elaborating entity "lpm_counter" for hierarchy "lpm_counter:test_counter"
Info (12130): Elaborated megafunction instantiation "lpm_counter:test_counter"
Info (12133): Instantiated megafunction "lpm_counter:test_counter" with the following parameter:
    Info (12134): Parameter "LPM_WIDTH" = "4"
    Info (12134): Parameter "LPM_DIRECTION" = "UP"
    Info (12134): Parameter "LPM_SVALUE" = "UNUSED"
Info (12021): Found 1 design units, including 1 entities, in source file db/cntr_okh.tdf
    Info (12023): Found entity 1: cntr_okh
Info (12128): Elaborating entity "cntr_okh" for hierarchy "lpm_counter:test_counter|cntr_okh:auto_generated"
Info (12128): Elaborating entity "hex_conv" for hierarchy "hex_conv:hex_0"
Warning (10631): VHDL Process Statement warning at hex_conv.vhd(15): inferring latch(es) for signal or variable "hex", which holds its previous value in one or more paths through the process
Info (10041): Inferred latch for "hex[0]" at hex_conv.vhd(15)
Info (10041): Inferred latch for "hex[1]" at hex_conv.vhd(15)
Info (10041): Inferred latch for "hex[2]" at hex_conv.vhd(15)
Info (10041): Inferred latch for "hex[3]" at hex_conv.vhd(15)
Info (10041): Inferred latch for "hex[4]" at hex_conv.vhd(15)
Info (10041): Inferred latch for "hex[5]" at hex_conv.vhd(15)
Info (10041): Inferred latch for "hex[6]" at hex_conv.vhd(15)
Warning (13024): Output pins are stuck at VCC or GND
    Warning (13410): Pin "ledr" is stuck at GND
Info (16010): Generating hard_block partition "hard_block:auto_generated_inst"
    Info (16011): Adding 0 node(s), including 0 DDIO, 0 PLL, 0 transceiver and 0 LCELL
Info (21057): Implemented 42 device resources after synthesis - the final resource count might be different
    Info (21058): Implemented 2 input pins
    Info (21059): Implemented 15 output pins
    Info (21061): Implemented 25 logic cells
Info: Quartus II 32-bit Analysis & Synthesis was successful. 0 errors, 12 warnings
    Info: Peak virtual memory: 370 megabytes
    Info: Processing ended: Wed Jan 18 17:12:46 2017
    Info: Elapsed time: 00:00:02
    Info: Total CPU time (on all processors): 00:00:02


