Analysis & Synthesis report for debouncer
Sun Jan 15 22:53:01 2017
Quartus II 64-Bit Version 13.0.1 Build 232 06/12/2013 Service Pack 1 SJ Web Edition


---------------------
; Table of Contents ;
---------------------
  1. Legal Notice
  2. Analysis & Synthesis Summary
  3. Analysis & Synthesis Settings
  4. Parallel Compilation
  5. Analysis & Synthesis Source Files Read
  6. Analysis & Synthesis Resource Usage Summary
  7. Analysis & Synthesis Resource Utilization by Entity
  8. General Register Statistics
  9. Parameter Settings for User Entity Instance: lpm_counter:counter
 10. Parameter Settings for User Entity Instance: lpm_counter:testcounter
 11. Elapsed Time Per Partition
 12. Analysis & Synthesis Messages



----------------
; Legal Notice ;
----------------
Copyright (C) 1991-2013 Altera Corporation
Your use of Altera Corporation's design tools, logic functions 
and other software and tools, and its AMPP partner logic 
functions, and any output files from any of the foregoing 
(including device programming or simulation files), and any 
associated documentation or information are expressly subject 
to the terms and conditions of the Altera Program License 
Subscription Agreement, Altera MegaCore Function License 
Agreement, or other applicable license agreement, including, 
without limitation, that your use is for the sole purpose of 
programming logic devices manufactured by Altera and sold by 
Altera or its authorized distributors.  Please refer to the 
applicable agreement for further details.



+--------------------------------------------------------------------------------------+
; Analysis & Synthesis Summary                                                         ;
+------------------------------------+-------------------------------------------------+
; Analysis & Synthesis Status        ; Successful - Sun Jan 15 22:53:01 2017           ;
; Quartus II 64-Bit Version          ; 13.0.1 Build 232 06/12/2013 SP 1 SJ Web Edition ;
; Revision Name                      ; debouncer                                       ;
; Top-level Entity Name              ; debouncer                                       ;
; Family                             ; Cyclone II                                      ;
; Total logic elements               ; 46                                              ;
;     Total combinational functions  ; 45                                              ;
;     Dedicated logic registers      ; 38                                              ;
; Total registers                    ; 38                                              ;
; Total pins                         ; 10                                              ;
; Total virtual pins                 ; 0                                               ;
; Total memory bits                  ; 0                                               ;
; Embedded Multiplier 9-bit elements ; 0                                               ;
; Total PLLs                         ; 0                                               ;
+------------------------------------+-------------------------------------------------+


+----------------------------------------------------------------------------------------------------------------------+
; Analysis & Synthesis Settings                                                                                        ;
+----------------------------------------------------------------------------+--------------------+--------------------+
; Option                                                                     ; Setting            ; Default Value      ;
+----------------------------------------------------------------------------+--------------------+--------------------+
; Device                                                                     ; EP2C20F484C7       ;                    ;
; Top-level entity name                                                      ; debouncer          ; debouncer          ;
; Family name                                                                ; Cyclone II         ; Cyclone IV GX      ;
; Use smart compilation                                                      ; Off                ; Off                ;
; Enable parallel Assembler and TimeQuest Timing Analyzer during compilation ; On                 ; On                 ;
; Enable compact report table                                                ; Off                ; Off                ;
; Restructure Multiplexers                                                   ; Auto               ; Auto               ;
; Create Debugging Nodes for IP Cores                                        ; Off                ; Off                ;
; Preserve fewer node names                                                  ; On                 ; On                 ;
; Disable OpenCore Plus hardware evaluation                                  ; Off                ; Off                ;
; Verilog Version                                                            ; Verilog_2001       ; Verilog_2001       ;
; VHDL Version                                                               ; VHDL_1993          ; VHDL_1993          ;
; State Machine Processing                                                   ; Auto               ; Auto               ;
; Safe State Machine                                                         ; Off                ; Off                ;
; Extract Verilog State Machines                                             ; On                 ; On                 ;
; Extract VHDL State Machines                                                ; On                 ; On                 ;
; Ignore Verilog initial constructs                                          ; Off                ; Off                ;
; Iteration limit for constant Verilog loops                                 ; 5000               ; 5000               ;
; Iteration limit for non-constant Verilog loops                             ; 250                ; 250                ;
; Add Pass-Through Logic to Inferred RAMs                                    ; On                 ; On                 ;
; Infer RAMs from Raw Logic                                                  ; On                 ; On                 ;
; Parallel Synthesis                                                         ; On                 ; On                 ;
; DSP Block Balancing                                                        ; Auto               ; Auto               ;
; NOT Gate Push-Back                                                         ; On                 ; On                 ;
; Power-Up Don't Care                                                        ; On                 ; On                 ;
; Remove Redundant Logic Cells                                               ; Off                ; Off                ;
; Remove Duplicate Registers                                                 ; On                 ; On                 ;
; Ignore CARRY Buffers                                                       ; Off                ; Off                ;
; Ignore CASCADE Buffers                                                     ; Off                ; Off                ;
; Ignore GLOBAL Buffers                                                      ; Off                ; Off                ;
; Ignore ROW GLOBAL Buffers                                                  ; Off                ; Off                ;
; Ignore LCELL Buffers                                                       ; Off                ; Off                ;
; Ignore SOFT Buffers                                                        ; On                 ; On                 ;
; Limit AHDL Integers to 32 Bits                                             ; Off                ; Off                ;
; Optimization Technique                                                     ; Balanced           ; Balanced           ;
; Carry Chain Length                                                         ; 70                 ; 70                 ;
; Auto Carry Chains                                                          ; On                 ; On                 ;
; Auto Open-Drain Pins                                                       ; On                 ; On                 ;
; Perform WYSIWYG Primitive Resynthesis                                      ; Off                ; Off                ;
; Auto ROM Replacement                                                       ; On                 ; On                 ;
; Auto RAM Replacement                                                       ; On                 ; On                 ;
; Auto Shift Register Replacement                                            ; Auto               ; Auto               ;
; Allow Shift Register Merging across Hierarchies                            ; Auto               ; Auto               ;
; Auto Clock Enable Replacement                                              ; On                 ; On                 ;
; Strict RAM Replacement                                                     ; Off                ; Off                ;
; Allow Synchronous Control Signals                                          ; On                 ; On                 ;
; Force Use of Synchronous Clear Signals                                     ; Off                ; Off                ;
; Auto RAM to Logic Cell Conversion                                          ; Off                ; Off                ;
; Auto Resource Sharing                                                      ; Off                ; Off                ;
; Allow Any RAM Size For Recognition                                         ; Off                ; Off                ;
; Allow Any ROM Size For Recognition                                         ; Off                ; Off                ;
; Allow Any Shift Register Size For Recognition                              ; Off                ; Off                ;
; Use LogicLock Constraints during Resource Balancing                        ; On                 ; On                 ;
; Ignore translate_off and synthesis_off directives                          ; Off                ; Off                ;
; Timing-Driven Synthesis                                                    ; Off                ; Off                ;
; Report Parameter Settings                                                  ; On                 ; On                 ;
; Report Source Assignments                                                  ; On                 ; On                 ;
; Report Connectivity Checks                                                 ; On                 ; On                 ;
; Ignore Maximum Fan-Out Assignments                                         ; Off                ; Off                ;
; Synchronization Register Chain Length                                      ; 2                  ; 2                  ;
; PowerPlay Power Optimization                                               ; Normal compilation ; Normal compilation ;
; HDL message level                                                          ; Level2             ; Level2             ;
; Suppress Register Optimization Related Messages                            ; Off                ; Off                ;
; Number of Removed Registers Reported in Synthesis Report                   ; 5000               ; 5000               ;
; Number of Swept Nodes Reported in Synthesis Report                         ; 5000               ; 5000               ;
; Number of Inverted Registers Reported in Synthesis Report                  ; 100                ; 100                ;
; Clock MUX Protection                                                       ; On                 ; On                 ;
; Auto Gated Clock Conversion                                                ; Off                ; Off                ;
; Block Design Naming                                                        ; Auto               ; Auto               ;
; SDC constraint protection                                                  ; Off                ; Off                ;
; Synthesis Effort                                                           ; Auto               ; Auto               ;
; Shift Register Replacement - Allow Asynchronous Clear Signal               ; On                 ; On                 ;
; Pre-Mapping Resynthesis Optimization                                       ; Off                ; Off                ;
; Analysis & Synthesis Message Level                                         ; Medium             ; Medium             ;
; Disable Register Merging Across Hierarchies                                ; Auto               ; Auto               ;
; Resource Aware Inference For Block RAM                                     ; On                 ; On                 ;
; Synthesis Seed                                                             ; 1                  ; 1                  ;
+----------------------------------------------------------------------------+--------------------+--------------------+


Parallel compilation was disabled, but you have multiple processors available. Enable parallel compilation to reduce compilation time.
+-------------------------------------+
; Parallel Compilation                ;
+----------------------------+--------+
; Processors                 ; Number ;
+----------------------------+--------+
; Number detected on machine ; 4      ;
; Maximum allowed            ; 1      ;
+----------------------------+--------+


+-----------------------------------------------------------------------------------------------------------------------------------------------------------------------------------+
; Analysis & Synthesis Source Files Read                                                                                                                                            ;
+----------------------------------+-----------------+------------------------------+-------------------------------------------------------------------------------------+---------+
; File Name with User-Entered Path ; Used in Netlist ; File Type                    ; File Name with Absolute Path                                                        ; Library ;
+----------------------------------+-----------------+------------------------------+-------------------------------------------------------------------------------------+---------+
; debouncer.vhd                    ; yes             ; User VHDL File               ; F:/Bibliotheken/OneDrive/Uni/Elektronik/fpga/d4/debouncer/debouncer.vhd             ;         ;
; hex_conv.vhd                     ; yes             ; User VHDL File               ; F:/Bibliotheken/OneDrive/Uni/Elektronik/fpga/d4/debouncer/hex_conv.vhd              ;         ;
; lpm_counter.tdf                  ; yes             ; Megafunction                 ; f:/programme/altera/13.0sp1/quartus/libraries/megafunctions/lpm_counter.tdf         ;         ;
; lpm_constant.inc                 ; yes             ; Megafunction                 ; f:/programme/altera/13.0sp1/quartus/libraries/megafunctions/lpm_constant.inc        ;         ;
; lpm_decode.inc                   ; yes             ; Megafunction                 ; f:/programme/altera/13.0sp1/quartus/libraries/megafunctions/lpm_decode.inc          ;         ;
; lpm_add_sub.inc                  ; yes             ; Megafunction                 ; f:/programme/altera/13.0sp1/quartus/libraries/megafunctions/lpm_add_sub.inc         ;         ;
; cmpconst.inc                     ; yes             ; Megafunction                 ; f:/programme/altera/13.0sp1/quartus/libraries/megafunctions/cmpconst.inc            ;         ;
; lpm_compare.inc                  ; yes             ; Megafunction                 ; f:/programme/altera/13.0sp1/quartus/libraries/megafunctions/lpm_compare.inc         ;         ;
; lpm_counter.inc                  ; yes             ; Megafunction                 ; f:/programme/altera/13.0sp1/quartus/libraries/megafunctions/lpm_counter.inc         ;         ;
; dffeea.inc                       ; yes             ; Megafunction                 ; f:/programme/altera/13.0sp1/quartus/libraries/megafunctions/dffeea.inc              ;         ;
; alt_counter_stratix.inc          ; yes             ; Megafunction                 ; f:/programme/altera/13.0sp1/quartus/libraries/megafunctions/alt_counter_stratix.inc ;         ;
; aglobal130.inc                   ; yes             ; Megafunction                 ; f:/programme/altera/13.0sp1/quartus/libraries/megafunctions/aglobal130.inc          ;         ;
; db/cntr_77i.tdf                  ; yes             ; Auto-Generated Megafunction  ; F:/Bibliotheken/OneDrive/Uni/Elektronik/fpga/d4/debouncer/db/cntr_77i.tdf           ;         ;
; db/cntr_brh.tdf                  ; yes             ; Auto-Generated Megafunction  ; F:/Bibliotheken/OneDrive/Uni/Elektronik/fpga/d4/debouncer/db/cntr_brh.tdf           ;         ;
+----------------------------------+-----------------+------------------------------+-------------------------------------------------------------------------------------+---------+


+-----------------------------------------------------+
; Analysis & Synthesis Resource Usage Summary         ;
+---------------------------------------------+-------+
; Resource                                    ; Usage ;
+---------------------------------------------+-------+
; Estimated Total logic elements              ; 46    ;
;                                             ;       ;
; Total combinational functions               ; 45    ;
; Logic element usage by number of LUT inputs ;       ;
;     -- 4 input functions                    ; 7     ;
;     -- 3 input functions                    ; 0     ;
;     -- <=2 input functions                  ; 38    ;
;                                             ;       ;
; Logic elements by mode                      ;       ;
;     -- normal mode                          ; 9     ;
;     -- arithmetic mode                      ; 36    ;
;                                             ;       ;
; Total registers                             ; 38    ;
;     -- Dedicated logic registers            ; 38    ;
;     -- I/O registers                        ; 0     ;
;                                             ;       ;
; I/O pins                                    ; 10    ;
; Embedded Multiplier 9-bit elements          ; 0     ;
; Maximum fan-out node                        ; clock ;
; Maximum fan-out                             ; 33    ;
; Total fan-out                               ; 185   ;
; Average fan-out                             ; 1.99  ;
+---------------------------------------------+-------+


+-------------------------------------------------------------------------------------------------------------------------------------------------------------------------------------------------------------------------+
; Analysis & Synthesis Resource Utilization by Entity                                                                                                                                                                     ;
+---------------------------------+-------------------+--------------+-------------+--------------+---------+-----------+------+--------------+------------------------------------------------------------+--------------+
; Compilation Hierarchy Node      ; LC Combinationals ; LC Registers ; Memory Bits ; DSP Elements ; DSP 9x9 ; DSP 18x18 ; Pins ; Virtual Pins ; Full Hierarchy Name                                        ; Library Name ;
+---------------------------------+-------------------+--------------+-------------+--------------+---------+-----------+------+--------------+------------------------------------------------------------+--------------+
; |debouncer                      ; 45 (0)            ; 38 (1)       ; 0           ; 0            ; 0       ; 0         ; 10   ; 0            ; |debouncer                                                 ; work         ;
;    |hex_conv:hex|               ; 7 (7)             ; 0 (0)        ; 0           ; 0            ; 0       ; 0         ; 0    ; 0            ; |debouncer|hex_conv:hex                                    ; work         ;
;    |lpm_counter:counter|        ; 34 (0)            ; 33 (0)       ; 0           ; 0            ; 0       ; 0         ; 0    ; 0            ; |debouncer|lpm_counter:counter                             ; work         ;
;       |cntr_77i:auto_generated| ; 34 (34)           ; 33 (33)      ; 0           ; 0            ; 0       ; 0         ; 0    ; 0            ; |debouncer|lpm_counter:counter|cntr_77i:auto_generated     ; work         ;
;    |lpm_counter:testcounter|    ; 4 (0)             ; 4 (0)        ; 0           ; 0            ; 0       ; 0         ; 0    ; 0            ; |debouncer|lpm_counter:testcounter                         ; work         ;
;       |cntr_brh:auto_generated| ; 4 (4)             ; 4 (4)        ; 0           ; 0            ; 0       ; 0         ; 0    ; 0            ; |debouncer|lpm_counter:testcounter|cntr_brh:auto_generated ; work         ;
+---------------------------------+-------------------+--------------+-------------+--------------+---------+-----------+------+--------------+------------------------------------------------------------+--------------+
Note: For table entries with two numbers listed, the numbers in parentheses indicate the number of resources of the given type used by the specific entity alone. The numbers listed outside of parentheses indicate the total resources of the given type used by the specific entity and all of its sub-entities in the hierarchy.


+------------------------------------------------------+
; General Register Statistics                          ;
+----------------------------------------------+-------+
; Statistic                                    ; Value ;
+----------------------------------------------+-------+
; Total registers                              ; 38    ;
; Number of registers using Synchronous Clear  ; 0     ;
; Number of registers using Synchronous Load   ; 0     ;
; Number of registers using Asynchronous Clear ; 0     ;
; Number of registers using Asynchronous Load  ; 0     ;
; Number of registers using Clock Enable       ; 0     ;
; Number of registers using Preset             ; 0     ;
+----------------------------------------------+-------+


+------------------------------------------------------------------+
; Parameter Settings for User Entity Instance: lpm_counter:counter ;
+------------------------+-------------------+---------------------+
; Parameter Name         ; Value             ; Type                ;
+------------------------+-------------------+---------------------+
; AUTO_CARRY_CHAINS      ; ON                ; AUTO_CARRY          ;
; IGNORE_CARRY_BUFFERS   ; OFF               ; IGNORE_CARRY        ;
; AUTO_CASCADE_CHAINS    ; ON                ; AUTO_CASCADE        ;
; IGNORE_CASCADE_BUFFERS ; OFF               ; IGNORE_CASCADE      ;
; LPM_WIDTH              ; 33                ; Signed Integer      ;
; LPM_DIRECTION          ; DOWN              ; Untyped             ;
; LPM_MODULUS            ; 0                 ; Untyped             ;
; LPM_AVALUE             ; UNUSED            ; Untyped             ;
; LPM_SVALUE             ; UNUSED            ; Untyped             ;
; LPM_PORT_UPDOWN        ; PORT_CONNECTIVITY ; Untyped             ;
; DEVICE_FAMILY          ; Cyclone II        ; Untyped             ;
; CARRY_CHAIN            ; MANUAL            ; Untyped             ;
; CARRY_CHAIN_LENGTH     ; 48                ; CARRY_CHAIN_LENGTH  ;
; NOT_GATE_PUSH_BACK     ; ON                ; NOT_GATE_PUSH_BACK  ;
; CARRY_CNT_EN           ; SMART             ; Untyped             ;
; LABWIDE_SCLR           ; ON                ; Untyped             ;
; USE_NEW_VERSION        ; TRUE              ; Untyped             ;
; CBXI_PARAMETER         ; cntr_77i          ; Untyped             ;
+------------------------+-------------------+---------------------+
Note: In order to hide this table in the UI and the text report file, please set the "Show Parameter Settings in Synthesis Report" option in "Analysis and Synthesis Settings -> More Settings" to "Off".


+----------------------------------------------------------------------+
; Parameter Settings for User Entity Instance: lpm_counter:testcounter ;
+------------------------+-------------------+-------------------------+
; Parameter Name         ; Value             ; Type                    ;
+------------------------+-------------------+-------------------------+
; AUTO_CARRY_CHAINS      ; ON                ; AUTO_CARRY              ;
; IGNORE_CARRY_BUFFERS   ; OFF               ; IGNORE_CARRY            ;
; AUTO_CASCADE_CHAINS    ; ON                ; AUTO_CASCADE            ;
; IGNORE_CASCADE_BUFFERS ; OFF               ; IGNORE_CASCADE          ;
; LPM_WIDTH              ; 4                 ; Signed Integer          ;
; LPM_DIRECTION          ; DOWN              ; Untyped                 ;
; LPM_MODULUS            ; 0                 ; Untyped                 ;
; LPM_AVALUE             ; UNUSED            ; Untyped                 ;
; LPM_SVALUE             ; UNUSED            ; Untyped                 ;
; LPM_PORT_UPDOWN        ; PORT_CONNECTIVITY ; Untyped                 ;
; DEVICE_FAMILY          ; Cyclone II        ; Untyped                 ;
; CARRY_CHAIN            ; MANUAL            ; Untyped                 ;
; CARRY_CHAIN_LENGTH     ; 48                ; CARRY_CHAIN_LENGTH      ;
; NOT_GATE_PUSH_BACK     ; ON                ; NOT_GATE_PUSH_BACK      ;
; CARRY_CNT_EN           ; SMART             ; Untyped                 ;
; LABWIDE_SCLR           ; ON                ; Untyped                 ;
; USE_NEW_VERSION        ; TRUE              ; Untyped                 ;
; CBXI_PARAMETER         ; cntr_brh          ; Untyped                 ;
+------------------------+-------------------+-------------------------+
Note: In order to hide this table in the UI and the text report file, please set the "Show Parameter Settings in Synthesis Report" option in "Analysis and Synthesis Settings -> More Settings" to "Off".


+-------------------------------+
; Elapsed Time Per Partition    ;
+----------------+--------------+
; Partition Name ; Elapsed Time ;
+----------------+--------------+
; Top            ; 00:00:00     ;
+----------------+--------------+


+-------------------------------+
; Analysis & Synthesis Messages ;
+-------------------------------+
Info: *******************************************************************
Info: Running Quartus II 64-Bit Analysis & Synthesis
    Info: Version 13.0.1 Build 232 06/12/2013 Service Pack 1 SJ Web Edition
    Info: Processing started: Sun Jan 15 22:53:00 2017
Info: Command: quartus_map --read_settings_files=on --write_settings_files=off debouncer -c debouncer
Warning (20028): Parallel compilation is not licensed and has been disabled
Info (12021): Found 2 design units, including 1 entities, in source file debouncer.vhd
    Info (12022): Found design unit 1: debouncer-behave
    Info (12023): Found entity 1: debouncer
Info (12021): Found 2 design units, including 1 entities, in source file hex_conv.vhd
    Info (12022): Found design unit 1: hex_conv-behave
    Info (12023): Found entity 1: hex_conv
Info (12127): Elaborating entity "debouncer" for the top level hierarchy
Warning (10492): VHDL Process Statement warning at debouncer.vhd(68): signal "taster" is read inside the Process Statement but isn't in the Process Statement's sensitivity list
Warning (10492): VHDL Process Statement warning at debouncer.vhd(71): signal "taster" is read inside the Process Statement but isn't in the Process Statement's sensitivity list
Warning (10492): VHDL Process Statement warning at debouncer.vhd(76): signal "debounced" is read inside the Process Statement but isn't in the Process Statement's sensitivity list
Warning (10631): VHDL Process Statement warning at debouncer.vhd(66): inferring latch(es) for signal or variable "d", which holds its previous value in one or more paths through the process
Info (12128): Elaborating entity "lpm_counter" for hierarchy "lpm_counter:counter"
Info (12130): Elaborated megafunction instantiation "lpm_counter:counter"
Info (12133): Instantiated megafunction "lpm_counter:counter" with the following parameter:
    Info (12134): Parameter "LPM_WIDTH" = "33"
    Info (12134): Parameter "LPM_DIRECTION" = "DOWN"
    Info (12134): Parameter "LPM_SVALUE" = "UNUSED"
Info (12021): Found 1 design units, including 1 entities, in source file db/cntr_77i.tdf
    Info (12023): Found entity 1: cntr_77i
Info (12128): Elaborating entity "cntr_77i" for hierarchy "lpm_counter:counter|cntr_77i:auto_generated"
Info (12128): Elaborating entity "lpm_counter" for hierarchy "lpm_counter:testcounter"
Info (12130): Elaborated megafunction instantiation "lpm_counter:testcounter"
Info (12133): Instantiated megafunction "lpm_counter:testcounter" with the following parameter:
    Info (12134): Parameter "LPM_WIDTH" = "4"
    Info (12134): Parameter "LPM_DIRECTION" = "DOWN"
    Info (12134): Parameter "LPM_SVALUE" = "UNUSED"
Info (12021): Found 1 design units, including 1 entities, in source file db/cntr_brh.tdf
    Info (12023): Found entity 1: cntr_brh
Info (12128): Elaborating entity "cntr_brh" for hierarchy "lpm_counter:testcounter|cntr_brh:auto_generated"
Info (12128): Elaborating entity "hex_conv" for hierarchy "hex_conv:hex"
Warning (10631): VHDL Process Statement warning at hex_conv.vhd(15): inferring latch(es) for signal or variable "hex", which holds its previous value in one or more paths through the process
Info (10041): Inferred latch for "hex[0]" at hex_conv.vhd(15)
Info (10041): Inferred latch for "hex[1]" at hex_conv.vhd(15)
Info (10041): Inferred latch for "hex[2]" at hex_conv.vhd(15)
Info (10041): Inferred latch for "hex[3]" at hex_conv.vhd(15)
Info (10041): Inferred latch for "hex[4]" at hex_conv.vhd(15)
Info (10041): Inferred latch for "hex[5]" at hex_conv.vhd(15)
Info (10041): Inferred latch for "hex[6]" at hex_conv.vhd(15)
Info (16010): Generating hard_block partition "hard_block:auto_generated_inst"
    Info (16011): Adding 0 node(s), including 0 DDIO, 0 PLL, 0 transceiver and 0 LCELL
Info (21057): Implemented 56 device resources after synthesis - the final resource count might be different
    Info (21058): Implemented 2 input pins
    Info (21059): Implemented 8 output pins
    Info (21061): Implemented 46 logic cells
Info: Quartus II 64-Bit Analysis & Synthesis was successful. 0 errors, 6 warnings
    Info: Peak virtual memory: 538 megabytes
    Info: Processing ended: Sun Jan 15 22:53:01 2017
    Info: Elapsed time: 00:00:01
    Info: Total CPU time (on all processors): 00:00:01


